Using pre-set license
Built from '2020.3/staging' branch; Version is '2020.3.3f1 (76626098c1c4) revision 7758432'; Using compiler version '192528614'; Build Type 'Release'
OS: 'Windows 10 Home Single Language; OS build 19042.928; Version 2009; 64bit' Language: 'ru' Physical Memory: 16269 MB
BatchMode: 1, IsHumanControllingUs: 0, StartBugReporterOnCrash: 0, Is64bit: 1, IsPro: 0

 COMMAND LINE ARGUMENTS:
D:\Programs\Unity 2020\2020.3.3f1\Editor\Unity.exe
-adb2
-batchMode
-noUpm
-name
AssetImportWorker1
-projectPath
C:/Users/rosse/MyFirstGame
-logFile
Logs/AssetImportWorker1.log
-srvPort
54056
Successfully changed project path to: C:/Users/rosse/MyFirstGame
C:/Users/rosse/MyFirstGame
Using Asset Import Pipeline V2.
Refreshing native plugins compatible for Editor in 37.56 ms, found 0 plugins.
Preloading 0 native plugins for Editor in 0.00 ms.
Initialize engine version: 2020.3.3f1 (76626098c1c4)
[Subsystems] Discovering subsystems at path D:/Programs/Unity 2020/2020.3.3f1/Editor/Data/Resources/UnitySubsystems
[Subsystems] Discovering subsystems at path C:/Users/rosse/MyFirstGame/Assets
GfxDevice: creating device client; threaded=0
Direct3D:
    Version:  Direct3D 11.0 [level 11.1]
    Renderer: NVIDIA GeForce GTX 1060 (ID=0x1c20)
    Vendor:   
    VRAM:     6052 MB
    Driver:   27.21.14.6089
Initialize mono
Mono path[0] = 'D:/Programs/Unity 2020/2020.3.3f1/Editor/Data/Managed'
Mono path[1] = 'D:/Programs/Unity 2020/2020.3.3f1/Editor/Data/MonoBleedingEdge/lib/mono/unityjit'
Mono config path = 'D:/Programs/Unity 2020/2020.3.3f1/Editor/Data/MonoBleedingEdge/etc'
Using monoOptions --debugger-agent=transport=dt_socket,embedding=1,server=y,suspend=n,address=127.0.0.1:56456
Begin MonoManager ReloadAssembly
Registering precompiled unity dll's ...
Register platform support module: D:/Programs/Unity 2020/2020.3.3f1/Editor/Data/PlaybackEngines/WebGLSupport/UnityEditor.WebGL.Extensions.dll
Register platform support module: D:/Programs/Unity 2020/2020.3.3f1/Editor/Data/PlaybackEngines/WindowsStandaloneSupport/UnityEditor.WindowsStandalone.Extensions.dll
Registered in 0.001535 seconds.
Native extension for WindowsStandalone target not found
Native extension for WebGL target not found
Refreshing native plugins compatible for Editor in 36.30 ms, found 0 plugins.
Preloading 0 native plugins for Editor in 0.00 ms.
Invoked RoslynAnalysisRunner static constructor.
RoslynAnalysisRunner will not be running.
RoslynAnalysisRunner has terminated.
Mono: successfully reloaded assembly
- Completed reload, in  2.335 seconds
Platform modules already initialized, skipping
Registering precompiled user dll's ...
Registered in 0.000970 seconds.
Begin MonoManager ReloadAssembly
Native extension for WindowsStandalone target not found
Native extension for WebGL target not found
Refreshing native plugins compatible for Editor in 0.35 ms, found 0 plugins.
Preloading 0 native plugins for Editor in 0.00 ms.
Invoked RoslynAnalysisRunner static constructor.
RoslynAnalysisRunner will not be running.
RoslynAnalysisRunner has terminated.
Mono: successfully reloaded assembly
- Completed reload, in  1.196 seconds
Platform modules already initialized, skipping
========================================================================
Worker process is ready to serve import requests
Launched and connected shader compiler UnityShaderCompiler.exe after 0.10 seconds
Refreshing native plugins compatible for Editor in 0.27 ms, found 0 plugins.
Preloading 0 native plugins for Editor in 0.00 ms.
Unloading 1244 Unused Serialized files (Serialized files now loaded: 0)
System memory in use before: 87.3 MB.
System memory in use after: 87.0 MB.

Unloading 11 unused Assets to reduce memory usage. Loaded Objects now: 1714.
Total: 2.179000 ms (FindLiveObjects: 0.140800 ms CreateObjectMapping: 0.041300 ms MarkObjects: 1.537600 ms  DeleteObjects: 0.458400 ms)

========================================================================
Received Import Request.
  path: Assets/Scripts
  artifactKey: Guid(f41feb8f840250e40b8f8c5dd85a7caf) Importer(815301076,1909f56bfc062723c751e8b465ee728b)
Start importing Assets/Scripts using Guid(f41feb8f840250e40b8f8c5dd85a7caf) Importer(815301076,1909f56bfc062723c751e8b465ee728b)  -> (artifact id: 'ee10348a15c4eb6906e7ab6822831184') in 0.051266 seconds
  Import took 0.055242 seconds .

========================================================================
Received Import Request.
  Time since last request: 51.557332 seconds.
  path: Assets/Scripts/MovementByPoints.cs
  artifactKey: Guid(1e41e574ff1702d41ab8f07b930482d3) Importer(815301076,1909f56bfc062723c751e8b465ee728b)
Start importing Assets/Scripts/MovementByPoints.cs using Guid(1e41e574ff1702d41ab8f07b930482d3) Importer(815301076,1909f56bfc062723c751e8b465ee728b)  -> (artifact id: '901b14f5677578b708cbabeaab9babd9') in 0.088494 seconds
  Import took 0.091563 seconds .

========================================================================
Received Prepare
Registering precompiled user dll's ...
Registered in 0.001210 seconds.
Begin MonoManager ReloadAssembly
Native extension for WindowsStandalone target not found
Native extension for WebGL target not found
Refreshing native plugins compatible for Editor in 0.30 ms, found 0 plugins.
Preloading 0 native plugins for Editor in 0.00 ms.
Invoked RoslynAnalysisRunner static constructor.
RoslynAnalysisRunner will not be running.
RoslynAnalysisRunner has terminated.
Mono: successfully reloaded assembly
- Completed reload, in  0.946 seconds
Platform modules already initialized, skipping
Refreshing native plugins compatible for Editor in 0.38 ms, found 0 plugins.
Preloading 0 native plugins for Editor in 0.00 ms.
Unloading 1220 Unused Serialized files (Serialized files now loaded: 0)
System memory in use before: 85.2 MB.
System memory in use after: 85.0 MB.

Unloading 6 unused Assets to reduce memory usage. Loaded Objects now: 1718.
Total: 2.484000 ms (FindLiveObjects: 0.257900 ms CreateObjectMapping: 0.079200 ms MarkObjects: 1.672600 ms  DeleteObjects: 0.473100 ms)

========================================================================
Received Prepare
Registering precompiled user dll's ...
Registered in 0.001541 seconds.
Begin MonoManager ReloadAssembly
Native extension for WindowsStandalone target not found
Native extension for WebGL target not found
Refreshing native plugins compatible for Editor in 0.28 ms, found 0 plugins.
Preloading 0 native plugins for Editor in 0.00 ms.
Invoked RoslynAnalysisRunner static constructor.
RoslynAnalysisRunner will not be running.
RoslynAnalysisRunner has terminated.
Mono: successfully reloaded assembly
- Completed reload, in  0.961 seconds
Platform modules already initialized, skipping
Refreshing native plugins compatible for Editor in 0.28 ms, found 0 plugins.
Preloading 0 native plugins for Editor in 0.00 ms.
Unloading 1220 Unused Serialized files (Serialized files now loaded: 0)
System memory in use before: 85.3 MB.
System memory in use after: 85.0 MB.

Unloading 6 unused Assets to reduce memory usage. Loaded Objects now: 1721.
Total: 2.265300 ms (FindLiveObjects: 0.145300 ms CreateObjectMapping: 0.033400 ms MarkObjects: 1.436500 ms  DeleteObjects: 0.630500 ms)

========================================================================
Received Import Request.
  Time since last request: 1117.579683 seconds.
  path: Assets/Scripts/MovementByPoints.cs
  artifactKey: Guid(1e41e574ff1702d41ab8f07b930482d3) Importer(815301076,1909f56bfc062723c751e8b465ee728b)
Start importing Assets/Scripts/MovementByPoints.cs using Guid(1e41e574ff1702d41ab8f07b930482d3) Importer(815301076,1909f56bfc062723c751e8b465ee728b)  -> (artifact id: '5b54af23ccca2940869a284ffc224b1a') in 0.004429 seconds
  Import took 0.008737 seconds .

========================================================================
Received Prepare
Registering precompiled user dll's ...
Registered in 0.001085 seconds.
Begin MonoManager ReloadAssembly
Native extension for WindowsStandalone target not found
Native extension for WebGL target not found
Refreshing native plugins compatible for Editor in 0.28 ms, found 0 plugins.
Preloading 0 native plugins for Editor in 0.00 ms.
Invoked RoslynAnalysisRunner static constructor.
RoslynAnalysisRunner will not be running.
RoslynAnalysisRunner has terminated.
Mono: successfully reloaded assembly
- Completed reload, in  0.881 seconds
Platform modules already initialized, skipping
Refreshing native plugins compatible for Editor in 0.35 ms, found 0 plugins.
Preloading 0 native plugins for Editor in 0.00 ms.
Unloading 1220 Unused Serialized files (Serialized files now loaded: 0)
System memory in use before: 85.3 MB.
System memory in use after: 85.0 MB.

Unloading 6 unused Assets to reduce memory usage. Loaded Objects now: 1724.
Total: 2.339400 ms (FindLiveObjects: 0.185000 ms CreateObjectMapping: 0.071800 ms MarkObjects: 1.698300 ms  DeleteObjects: 0.383000 ms)

========================================================================
Received Prepare
Registering precompiled user dll's ...
Registered in 0.001116 seconds.
Begin MonoManager ReloadAssembly
Native extension for WindowsStandalone target not found
Native extension for WebGL target not found
Refreshing native plugins compatible for Editor in 0.31 ms, found 0 plugins.
Preloading 0 native plugins for Editor in 0.00 ms.
Invoked RoslynAnalysisRunner static constructor.
RoslynAnalysisRunner will not be running.
RoslynAnalysisRunner has terminated.
Mono: successfully reloaded assembly
- Completed reload, in  0.870 seconds
Platform modules already initialized, skipping
Refreshing native plugins compatible for Editor in 0.37 ms, found 0 plugins.
Preloading 0 native plugins for Editor in 0.00 ms.
Unloading 1220 Unused Serialized files (Serialized files now loaded: 0)
System memory in use before: 85.3 MB.
System memory in use after: 85.0 MB.

Unloading 6 unused Assets to reduce memory usage. Loaded Objects now: 1727.
Total: 2.953400 ms (FindLiveObjects: 0.202300 ms CreateObjectMapping: 0.047900 ms MarkObjects: 2.285200 ms  DeleteObjects: 0.416100 ms)

========================================================================
Received Import Request.
  Time since last request: 1433.617610 seconds.
  path: Assets/MyModels/Minotaur/MinotaurAnimContr.controller
  artifactKey: Guid(e251f27ab07acba4883f9cedec5ec962) Importer(815301076,1909f56bfc062723c751e8b465ee728b)
Start importing Assets/MyModels/Minotaur/MinotaurAnimContr.controller using Guid(e251f27ab07acba4883f9cedec5ec962) Importer(815301076,1909f56bfc062723c751e8b465ee728b)  -> (artifact id: '9998da2a2c863660eb0e8fc522094201') in 0.045071 seconds
  Import took 0.048650 seconds .

========================================================================
Received Prepare
Registering precompiled user dll's ...
Registered in 0.001225 seconds.
Begin MonoManager ReloadAssembly
Native extension for WindowsStandalone target not found
Native extension for WebGL target not found
Refreshing native plugins compatible for Editor in 0.32 ms, found 0 plugins.
Preloading 0 native plugins for Editor in 0.00 ms.
Invoked RoslynAnalysisRunner static constructor.
RoslynAnalysisRunner will not be running.
RoslynAnalysisRunner has terminated.
Mono: successfully reloaded assembly
- Completed reload, in  1.156 seconds
Platform modules already initialized, skipping
Refreshing native plugins compatible for Editor in 0.28 ms, found 0 plugins.
Preloading 0 native plugins for Editor in 0.00 ms.
Unloading 1221 Unused Serialized files (Serialized files now loaded: 0)
System memory in use before: 85.3 MB.
System memory in use after: 85.0 MB.

Unloading 6 unused Assets to reduce memory usage. Loaded Objects now: 1731.
Total: 2.240900 ms (FindLiveObjects: 0.175200 ms CreateObjectMapping: 0.068200 ms MarkObjects: 1.557900 ms  DeleteObjects: 0.438500 ms)

========================================================================
Received Import Request.
  Time since last request: 457.502844 seconds.
  path: Assets/Scripts/NewBehaviourScript.cs
  artifactKey: Guid(83761b7e10cd2ba4b94368fe3da5cad6) Importer(815301076,1909f56bfc062723c751e8b465ee728b)
Start importing Assets/Scripts/NewBehaviourScript.cs using Guid(83761b7e10cd2ba4b94368fe3da5cad6) Importer(815301076,1909f56bfc062723c751e8b465ee728b)  -> (artifact id: 'ff8bcf1dc27b0aaa7240010ace92539c') in 0.004279 seconds
  Import took 0.007029 seconds .

========================================================================
Received Prepare
Registering precompiled user dll's ...
Registered in 0.001188 seconds.
Begin MonoManager ReloadAssembly
Native extension for WindowsStandalone target not found
Native extension for WebGL target not found
Refreshing native plugins compatible for Editor in 0.55 ms, found 0 plugins.
Preloading 0 native plugins for Editor in 0.00 ms.
Invoked RoslynAnalysisRunner static constructor.
RoslynAnalysisRunner will not be running.
RoslynAnalysisRunner has terminated.
Mono: successfully reloaded assembly
- Completed reload, in  1.215 seconds
Platform modules already initialized, skipping
Refreshing native plugins compatible for Editor in 0.30 ms, found 0 plugins.
Preloading 0 native plugins for Editor in 0.00 ms.
Unloading 1221 Unused Serialized files (Serialized files now loaded: 0)
System memory in use before: 85.3 MB.
System memory in use after: 85.1 MB.

Unloading 6 unused Assets to reduce memory usage. Loaded Objects now: 1734.
Total: 2.451100 ms (FindLiveObjects: 0.208700 ms CreateObjectMapping: 0.082500 ms MarkObjects: 1.730400 ms  DeleteObjects: 0.428700 ms)

========================================================================
Received Import Request.
  Time since last request: 95.256602 seconds.
  path: Assets/Scripts/MovementAnimationStarter.cs
  artifactKey: Guid(83761b7e10cd2ba4b94368fe3da5cad6) Importer(815301076,1909f56bfc062723c751e8b465ee728b)
Start importing Assets/Scripts/MovementAnimationStarter.cs using Guid(83761b7e10cd2ba4b94368fe3da5cad6) Importer(815301076,1909f56bfc062723c751e8b465ee728b)  -> (artifact id: '0ae7b87f54c1ac5431cf9ca55ca0cf59') in 0.007725 seconds
  Import took 0.012816 seconds .

========================================================================
Received Prepare
Registering precompiled user dll's ...
Registered in 0.001024 seconds.
Begin MonoManager ReloadAssembly
Native extension for WindowsStandalone target not found
Native extension for WebGL target not found
Refreshing native plugins compatible for Editor in 0.28 ms, found 0 plugins.
Preloading 0 native plugins for Editor in 0.00 ms.
Invoked RoslynAnalysisRunner static constructor.
RoslynAnalysisRunner will not be running.
RoslynAnalysisRunner has terminated.
Mono: successfully reloaded assembly
- Completed reload, in  1.031 seconds
Platform modules already initialized, skipping
Refreshing native plugins compatible for Editor in 0.29 ms, found 0 plugins.
Preloading 0 native plugins for Editor in 0.00 ms.
Unloading 1221 Unused Serialized files (Serialized files now loaded: 0)
System memory in use before: 85.6 MB.
System memory in use after: 85.3 MB.

Unloading 6 unused Assets to reduce memory usage. Loaded Objects now: 1737.
Total: 2.186200 ms (FindLiveObjects: 0.164600 ms CreateObjectMapping: 0.042200 ms MarkObjects: 1.566700 ms  DeleteObjects: 0.411300 ms)

========================================================================
Received Prepare
Registering precompiled user dll's ...
Registered in 0.001048 seconds.
Begin MonoManager ReloadAssembly
Native extension for WindowsStandalone target not found
Native extension for WebGL target not found
Refreshing native plugins compatible for Editor in 0.42 ms, found 0 plugins.
Preloading 0 native plugins for Editor in 0.00 ms.
Invoked RoslynAnalysisRunner static constructor.
RoslynAnalysisRunner will not be running.
RoslynAnalysisRunner has terminated.
Mono: successfully reloaded assembly
- Completed reload, in  1.049 seconds
Platform modules already initialized, skipping
Refreshing native plugins compatible for Editor in 0.30 ms, found 0 plugins.
Preloading 0 native plugins for Editor in 0.00 ms.
Unloading 1221 Unused Serialized files (Serialized files now loaded: 0)
System memory in use before: 85.6 MB.
System memory in use after: 85.3 MB.

Unloading 6 unused Assets to reduce memory usage. Loaded Objects now: 1740.
Total: 3.500700 ms (FindLiveObjects: 0.380100 ms CreateObjectMapping: 0.103300 ms MarkObjects: 2.584300 ms  DeleteObjects: 0.431100 ms)

========================================================================
Received Import Request.
  Time since last request: 244.651614 seconds.
  path: Assets/Scripts/MovementAnimationStarter.cs
  artifactKey: Guid(83761b7e10cd2ba4b94368fe3da5cad6) Importer(815301076,1909f56bfc062723c751e8b465ee728b)
Start importing Assets/Scripts/MovementAnimationStarter.cs using Guid(83761b7e10cd2ba4b94368fe3da5cad6) Importer(815301076,1909f56bfc062723c751e8b465ee728b)  -> (artifact id: 'f67f9d408ec4917bfa148a199ef12cb1') in 0.004712 seconds
  Import took 0.007927 seconds .

========================================================================
Received Prepare
Registering precompiled user dll's ...
Registered in 0.001045 seconds.
Begin MonoManager ReloadAssembly
Native extension for WindowsStandalone target not found
Native extension for WebGL target not found
Refreshing native plugins compatible for Editor in 0.34 ms, found 0 plugins.
Preloading 0 native plugins for Editor in 0.00 ms.
Invoked RoslynAnalysisRunner static constructor.
RoslynAnalysisRunner will not be running.
RoslynAnalysisRunner has terminated.
Mono: successfully reloaded assembly
- Completed reload, in  0.962 seconds
Platform modules already initialized, skipping
Refreshing native plugins compatible for Editor in 0.29 ms, found 0 plugins.
Preloading 0 native plugins for Editor in 0.00 ms.
Unloading 1221 Unused Serialized files (Serialized files now loaded: 0)
System memory in use before: 85.6 MB.
System memory in use after: 85.3 MB.

Unloading 6 unused Assets to reduce memory usage. Loaded Objects now: 1743.
Total: 2.573400 ms (FindLiveObjects: 0.300200 ms CreateObjectMapping: 0.096400 ms MarkObjects: 1.755000 ms  DeleteObjects: 0.420100 ms)

========================================================================
Received Prepare
Registering precompiled user dll's ...
Registered in 0.001339 seconds.
Begin MonoManager ReloadAssembly
Native extension for WindowsStandalone target not found
Native extension for WebGL target not found
Refreshing native plugins compatible for Editor in 0.28 ms, found 0 plugins.
Preloading 0 native plugins for Editor in 0.00 ms.
Invoked RoslynAnalysisRunner static constructor.
RoslynAnalysisRunner will not be running.
RoslynAnalysisRunner has terminated.
Mono: successfully reloaded assembly
- Completed reload, in  1.003 seconds
Platform modules already initialized, skipping
Refreshing native plugins compatible for Editor in 0.30 ms, found 0 plugins.
Preloading 0 native plugins for Editor in 0.00 ms.
Unloading 1221 Unused Serialized files (Serialized files now loaded: 0)
System memory in use before: 85.6 MB.
System memory in use after: 85.3 MB.

Unloading 6 unused Assets to reduce memory usage. Loaded Objects now: 1746.
Total: 2.905000 ms (FindLiveObjects: 0.249900 ms CreateObjectMapping: 0.194600 ms MarkObjects: 1.825100 ms  DeleteObjects: 0.634400 ms)

========================================================================
Received Prepare
Registering precompiled user dll's ...
Registered in 0.001657 seconds.
Begin MonoManager ReloadAssembly
Native extension for WindowsStandalone target not found
Native extension for WebGL target not found
Refreshing native plugins compatible for Editor in 0.28 ms, found 0 plugins.
Preloading 0 native plugins for Editor in 0.00 ms.
Invoked RoslynAnalysisRunner static constructor.
RoslynAnalysisRunner will not be running.
RoslynAnalysisRunner has terminated.
Mono: successfully reloaded assembly
- Completed reload, in  0.985 seconds
Platform modules already initialized, skipping
Refreshing native plugins compatible for Editor in 0.28 ms, found 0 plugins.
Preloading 0 native plugins for Editor in 0.00 ms.
Unloading 1221 Unused Serialized files (Serialized files now loaded: 0)
System memory in use before: 85.5 MB.
System memory in use after: 85.3 MB.

Unloading 6 unused Assets to reduce memory usage. Loaded Objects now: 1749.
Total: 2.336400 ms (FindLiveObjects: 0.249100 ms CreateObjectMapping: 0.072200 ms MarkObjects: 1.615000 ms  DeleteObjects: 0.398800 ms)

========================================================================
Received Prepare
Registering precompiled user dll's ...
Registered in 0.001133 seconds.
Begin MonoManager ReloadAssembly
Native extension for WindowsStandalone target not found
Native extension for WebGL target not found
Refreshing native plugins compatible for Editor in 0.30 ms, found 0 plugins.
Preloading 0 native plugins for Editor in 0.00 ms.
Invoked RoslynAnalysisRunner static constructor.
RoslynAnalysisRunner will not be running.
RoslynAnalysisRunner has terminated.
Mono: successfully reloaded assembly
- Completed reload, in  0.971 seconds
Platform modules already initialized, skipping
Refreshing native plugins compatible for Editor in 0.29 ms, found 0 plugins.
Preloading 0 native plugins for Editor in 0.00 ms.
Unloading 1221 Unused Serialized files (Serialized files now loaded: 0)
System memory in use before: 85.6 MB.
System memory in use after: 85.3 MB.

Unloading 6 unused Assets to reduce memory usage. Loaded Objects now: 1752.
Total: 2.202600 ms (FindLiveObjects: 0.221000 ms CreateObjectMapping: 0.036200 ms MarkObjects: 1.573600 ms  DeleteObjects: 0.370700 ms)

========================================================================
Received Prepare
Registering precompiled user dll's ...
Registered in 0.002180 seconds.
Begin MonoManager ReloadAssembly
Native extension for WindowsStandalone target not found
Native extension for WebGL target not found
Refreshing native plugins compatible for Editor in 0.32 ms, found 0 plugins.
Preloading 0 native plugins for Editor in 0.00 ms.
Invoked RoslynAnalysisRunner static constructor.
RoslynAnalysisRunner will not be running.
RoslynAnalysisRunner has terminated.
Mono: successfully reloaded assembly
- Completed reload, in  0.861 seconds
Platform modules already initialized, skipping
Refreshing native plugins compatible for Editor in 0.32 ms, found 0 plugins.
Preloading 0 native plugins for Editor in 0.00 ms.
Unloading 1221 Unused Serialized files (Serialized files now loaded: 0)
System memory in use before: 85.6 MB.
System memory in use after: 85.3 MB.

Unloading 6 unused Assets to reduce memory usage. Loaded Objects now: 1755.
Total: 3.480900 ms (FindLiveObjects: 0.295000 ms CreateObjectMapping: 0.097700 ms MarkObjects: 2.312900 ms  DeleteObjects: 0.772900 ms)

========================================================================
Received Import Request.
  Time since last request: 2064.984873 seconds.
  path: Assets/MyModels/Minotaur/animation/Minotaur@Walk_Mec.FBX
  artifactKey: Guid(a0bbd01950ee0804c81b131d86ff6d01) Importer(815301076,1909f56bfc062723c751e8b465ee728b)
Start importing Assets/MyModels/Minotaur/animation/Minotaur@Walk_Mec.FBX using Guid(a0bbd01950ee0804c81b131d86ff6d01) Importer(815301076,1909f56bfc062723c751e8b465ee728b)  -> (artifact id: '2805a0e6cfe8063452c59a05aac61802') in 0.832479 seconds
  Import took 0.836976 seconds .

========================================================================
Received Prepare
Registering precompiled user dll's ...
Registered in 0.001095 seconds.
Begin MonoManager ReloadAssembly
Native extension for WindowsStandalone target not found
Native extension for WebGL target not found
Refreshing native plugins compatible for Editor in 0.27 ms, found 0 plugins.
Preloading 0 native plugins for Editor in 0.00 ms.
Invoked RoslynAnalysisRunner static constructor.
RoslynAnalysisRunner will not be running.
RoslynAnalysisRunner has terminated.
Mono: successfully reloaded assembly
- Completed reload, in  0.970 seconds
Platform modules already initialized, skipping
Refreshing native plugins compatible for Editor in 0.28 ms, found 0 plugins.
Preloading 0 native plugins for Editor in 0.00 ms.
Unloading 1221 Unused Serialized files (Serialized files now loaded: 0)
System memory in use before: 89.1 MB.
System memory in use after: 88.8 MB.

Unloading 6 unused Assets to reduce memory usage. Loaded Objects now: 1801.
Total: 2.063300 ms (FindLiveObjects: 0.170500 ms CreateObjectMapping: 0.045500 ms MarkObjects: 1.457300 ms  DeleteObjects: 0.389000 ms)

========================================================================
Received Prepare
Registering precompiled user dll's ...
Registered in 0.001094 seconds.
Begin MonoManager ReloadAssembly
Native extension for WindowsStandalone target not found
Native extension for WebGL target not found
Refreshing native plugins compatible for Editor in 0.29 ms, found 0 plugins.
Preloading 0 native plugins for Editor in 0.00 ms.
Invoked RoslynAnalysisRunner static constructor.
RoslynAnalysisRunner will not be running.
RoslynAnalysisRunner has terminated.
Mono: successfully reloaded assembly
- Completed reload, in  0.980 seconds
Platform modules already initialized, skipping
Refreshing native plugins compatible for Editor in 0.40 ms, found 0 plugins.
Preloading 0 native plugins for Editor in 0.00 ms.
Unloading 1221 Unused Serialized files (Serialized files now loaded: 0)
System memory in use before: 89.1 MB.
System memory in use after: 88.8 MB.

Unloading 6 unused Assets to reduce memory usage. Loaded Objects now: 1804.
Total: 5.619000 ms (FindLiveObjects: 0.229600 ms CreateObjectMapping: 0.116100 ms MarkObjects: 4.614000 ms  DeleteObjects: 0.633100 ms)

========================================================================
Received Import Request.
  Time since last request: 86197.706149 seconds.
  path: Assets/MyModels/Minotaur/animation/Minotaur@Walk.FBX
  artifactKey: Guid(840cf3479ed50604d856a4f6a6cc4cca) Importer(815301076,1909f56bfc062723c751e8b465ee728b)
Start importing Assets/MyModels/Minotaur/animation/Minotaur@Walk.FBX using Guid(840cf3479ed50604d856a4f6a6cc4cca) Importer(815301076,1909f56bfc062723c751e8b465ee728b)  -> (artifact id: '189a87a072d937f796ca85709a4e2031') in 0.212078 seconds
  Import took 0.215484 seconds .

========================================================================
Received Prepare
Registering precompiled user dll's ...
Registered in 0.002288 seconds.
Begin MonoManager ReloadAssembly
Native extension for WindowsStandalone target not found
Native extension for WebGL target not found
Refreshing native plugins compatible for Editor in 0.37 ms, found 0 plugins.
Preloading 0 native plugins for Editor in 0.00 ms.
Invoked RoslynAnalysisRunner static constructor.
RoslynAnalysisRunner will not be running.
RoslynAnalysisRunner has terminated.
Mono: successfully reloaded assembly
- Completed reload, in  1.095 seconds
Platform modules already initialized, skipping
Refreshing native plugins compatible for Editor in 0.30 ms, found 0 plugins.
Preloading 0 native plugins for Editor in 0.00 ms.
Unloading 1221 Unused Serialized files (Serialized files now loaded: 0)
System memory in use before: 89.1 MB.
System memory in use after: 88.8 MB.

Unloading 6 unused Assets to reduce memory usage. Loaded Objects now: 1808.
Total: 2.405300 ms (FindLiveObjects: 0.168600 ms CreateObjectMapping: 0.056800 ms MarkObjects: 1.752500 ms  DeleteObjects: 0.426300 ms)

========================================================================
Received Import Request.
  Time since last request: 69.605958 seconds.
  path: Assets/MyModels/Minotaur/animation/Minotaur@Walk.FBX
  artifactKey: Guid(840cf3479ed50604d856a4f6a6cc4cca) Importer(815301076,1909f56bfc062723c751e8b465ee728b)
Start importing Assets/MyModels/Minotaur/animation/Minotaur@Walk.FBX using Guid(840cf3479ed50604d856a4f6a6cc4cca) Importer(815301076,1909f56bfc062723c751e8b465ee728b)  -> (artifact id: '7f7d98fcbc5106a83b90e43a3bd24a0f') in 0.163006 seconds
  Import took 0.167192 seconds .

========================================================================
Received Import Request.
  Time since last request: 1.925290 seconds.
  path: Assets/MyModels/Minotaur/animation/Minotaur@Walk.FBX
  artifactKey: Guid(840cf3479ed50604d856a4f6a6cc4cca) Importer(815301076,1909f56bfc062723c751e8b465ee728b)
Start importing Assets/MyModels/Minotaur/animation/Minotaur@Walk.FBX using Guid(840cf3479ed50604d856a4f6a6cc4cca) Importer(815301076,1909f56bfc062723c751e8b465ee728b)  -> (artifact id: '7f7d98fcbc5106a83b90e43a3bd24a0f') in 0.062946 seconds
  Import took 0.066478 seconds .

========================================================================
Received Prepare
Registering precompiled user dll's ...
Registered in 0.002146 seconds.
Begin MonoManager ReloadAssembly
Native extension for WindowsStandalone target not found
Native extension for WebGL target not found
Refreshing native plugins compatible for Editor in 0.52 ms, found 0 plugins.
Preloading 0 native plugins for Editor in 0.00 ms.
Invoked RoslynAnalysisRunner static constructor.
RoslynAnalysisRunner will not be running.
RoslynAnalysisRunner has terminated.
Mono: successfully reloaded assembly
- Completed reload, in  1.067 seconds
Platform modules already initialized, skipping
Refreshing native plugins compatible for Editor in 0.30 ms, found 0 plugins.
Preloading 0 native plugins for Editor in 0.00 ms.
Unloading 1221 Unused Serialized files (Serialized files now loaded: 0)
System memory in use before: 89.1 MB.
System memory in use after: 88.9 MB.

Unloading 6 unused Assets to reduce memory usage. Loaded Objects now: 1812.
Total: 2.237200 ms (FindLiveObjects: 0.204900 ms CreateObjectMapping: 0.061700 ms MarkObjects: 1.595500 ms  DeleteObjects: 0.374400 ms)

========================================================================
Received Import Request.
  Time since last request: 23.787728 seconds.
  path: Assets/MyModels/Minotaur/animation/Minotaur@Walk.FBX
  artifactKey: Guid(840cf3479ed50604d856a4f6a6cc4cca) Importer(815301076,1909f56bfc062723c751e8b465ee728b)
Start importing Assets/MyModels/Minotaur/animation/Minotaur@Walk.FBX using Guid(840cf3479ed50604d856a4f6a6cc4cca) Importer(815301076,1909f56bfc062723c751e8b465ee728b)  -> (artifact id: 'f22932b1a86b084c70853ff7b1de5fdd') in 0.139938 seconds
  Import took 0.144252 seconds .

========================================================================
Received Import Request.
  Time since last request: 4.080384 seconds.
  path: Assets/MyModels/Minotaur/animation/Minotaur@Walk.FBX
  artifactKey: Guid(840cf3479ed50604d856a4f6a6cc4cca) Importer(815301076,1909f56bfc062723c751e8b465ee728b)
Start importing Assets/MyModels/Minotaur/animation/Minotaur@Walk.FBX using Guid(840cf3479ed50604d856a4f6a6cc4cca) Importer(815301076,1909f56bfc062723c751e8b465ee728b)  -> (artifact id: 'f22932b1a86b084c70853ff7b1de5fdd') in 0.081192 seconds
  Import took 0.085722 seconds .

========================================================================
Received Import Request.
  Time since last request: 1.186847 seconds.
  path: Assets/MyModels/Minotaur/animation/Minotaur@Walk.FBX
  artifactKey: Guid(840cf3479ed50604d856a4f6a6cc4cca) Importer(815301076,1909f56bfc062723c751e8b465ee728b)
Start importing Assets/MyModels/Minotaur/animation/Minotaur@Walk.FBX using Guid(840cf3479ed50604d856a4f6a6cc4cca) Importer(815301076,1909f56bfc062723c751e8b465ee728b)  -> (artifact id: '66d3e240e58900df5da730e7d653bd47') in 0.091347 seconds
  Import took 0.097320 seconds .

========================================================================
Received Import Request.
  Time since last request: 3.501591 seconds.
  path: Assets/MyModels/Minotaur/animation/Minotaur@Walk.FBX
  artifactKey: Guid(840cf3479ed50604d856a4f6a6cc4cca) Importer(815301076,1909f56bfc062723c751e8b465ee728b)
Start importing Assets/MyModels/Minotaur/animation/Minotaur@Walk.FBX using Guid(840cf3479ed50604d856a4f6a6cc4cca) Importer(815301076,1909f56bfc062723c751e8b465ee728b)  -> (artifact id: '886b544fa2fbef8d542eec3ef0ebadeb') in 0.090565 seconds
  Import took 0.097553 seconds .

========================================================================
Received Import Request.
  Time since last request: 4.598909 seconds.
  path: Assets/MyModels/Minotaur/animation/Minotaur@Walk.FBX
  artifactKey: Guid(840cf3479ed50604d856a4f6a6cc4cca) Importer(815301076,1909f56bfc062723c751e8b465ee728b)
Start importing Assets/MyModels/Minotaur/animation/Minotaur@Walk.FBX using Guid(840cf3479ed50604d856a4f6a6cc4cca) Importer(815301076,1909f56bfc062723c751e8b465ee728b)  -> (artifact id: '2ba578002f8e106f541a798e0d93efa3') in 0.087249 seconds
  Import took 0.094342 seconds .

========================================================================
Received Prepare
Registering precompiled user dll's ...
Registered in 0.001768 seconds.
Begin MonoManager ReloadAssembly
Native extension for WindowsStandalone target not found
Native extension for WebGL target not found
Refreshing native plugins compatible for Editor in 0.29 ms, found 0 plugins.
Preloading 0 native plugins for Editor in 0.00 ms.
Invoked RoslynAnalysisRunner static constructor.
RoslynAnalysisRunner will not be running.
RoslynAnalysisRunner has terminated.
Mono: successfully reloaded assembly
- Completed reload, in  0.969 seconds
Platform modules already initialized, skipping
Refreshing native plugins compatible for Editor in 0.29 ms, found 0 plugins.
Preloading 0 native plugins for Editor in 0.00 ms.
Unloading 1221 Unused Serialized files (Serialized files now loaded: 0)
System memory in use before: 89.2 MB.
System memory in use after: 88.9 MB.

Unloading 6 unused Assets to reduce memory usage. Loaded Objects now: 1816.
Total: 2.067100 ms (FindLiveObjects: 0.172200 ms CreateObjectMapping: 0.041500 ms MarkObjects: 1.410600 ms  DeleteObjects: 0.441600 ms)

========================================================================
Received Import Request.
  Time since last request: 52.354796 seconds.
  path: Assets/MyModels/Minotaur/animation/Minotaur@Walk.FBX
  artifactKey: Guid(840cf3479ed50604d856a4f6a6cc4cca) Importer(815301076,1909f56bfc062723c751e8b465ee728b)
Start importing Assets/MyModels/Minotaur/animation/Minotaur@Walk.FBX using Guid(840cf3479ed50604d856a4f6a6cc4cca) Importer(815301076,1909f56bfc062723c751e8b465ee728b)  -> (artifact id: 'f16b5a588b50ea9a531d2451fc30bb37') in 0.156987 seconds
  Import took 0.163233 seconds .

========================================================================
Received Prepare
Registering precompiled user dll's ...
Registered in 0.001140 seconds.
Begin MonoManager ReloadAssembly
Native extension for WindowsStandalone target not found
Native extension for WebGL target not found
Refreshing native plugins compatible for Editor in 0.28 ms, found 0 plugins.
Preloading 0 native plugins for Editor in 0.00 ms.
Invoked RoslynAnalysisRunner static constructor.
RoslynAnalysisRunner will not be running.
RoslynAnalysisRunner has terminated.
Mono: successfully reloaded assembly
- Completed reload, in  1.011 seconds
Platform modules already initialized, skipping
Refreshing native plugins compatible for Editor in 0.32 ms, found 0 plugins.
Preloading 0 native plugins for Editor in 0.00 ms.
Unloading 1221 Unused Serialized files (Serialized files now loaded: 0)
System memory in use before: 89.2 MB.
System memory in use after: 88.9 MB.

Unloading 6 unused Assets to reduce memory usage. Loaded Objects now: 1820.
Total: 2.196600 ms (FindLiveObjects: 0.183600 ms CreateObjectMapping: 0.041300 ms MarkObjects: 1.581700 ms  DeleteObjects: 0.388700 ms)

========================================================================
Received Prepare
Registering precompiled user dll's ...
Registered in 0.001025 seconds.
Begin MonoManager ReloadAssembly
Native extension for WindowsStandalone target not found
Native extension for WebGL target not found
Refreshing native plugins compatible for Editor in 0.47 ms, found 0 plugins.
Preloading 0 native plugins for Editor in 0.00 ms.
Invoked RoslynAnalysisRunner static constructor.
RoslynAnalysisRunner will not be running.
RoslynAnalysisRunner has terminated.
Mono: successfully reloaded assembly
- Completed reload, in  1.108 seconds
Platform modules already initialized, skipping
Refreshing native plugins compatible for Editor in 0.30 ms, found 0 plugins.
Preloading 0 native plugins for Editor in 0.00 ms.
Unloading 1221 Unused Serialized files (Serialized files now loaded: 0)
System memory in use before: 89.2 MB.
System memory in use after: 89.0 MB.

Unloading 6 unused Assets to reduce memory usage. Loaded Objects now: 1823.
Total: 3.024700 ms (FindLiveObjects: 0.229600 ms CreateObjectMapping: 0.048100 ms MarkObjects: 2.081400 ms  DeleteObjects: 0.664300 ms)

========================================================================
Received Prepare
Registering precompiled user dll's ...
Registered in 0.001071 seconds.
Begin MonoManager ReloadAssembly
Native extension for WindowsStandalone target not found
Native extension for WebGL target not found
Refreshing native plugins compatible for Editor in 0.28 ms, found 0 plugins.
Preloading 0 native plugins for Editor in 0.00 ms.
Invoked RoslynAnalysisRunner static constructor.
RoslynAnalysisRunner will not be running.
RoslynAnalysisRunner has terminated.
Mono: successfully reloaded assembly
- Completed reload, in  1.026 seconds
Platform modules already initialized, skipping
Refreshing native plugins compatible for Editor in 0.30 ms, found 0 plugins.
Preloading 0 native plugins for Editor in 0.00 ms.
Unloading 1221 Unused Serialized files (Serialized files now loaded: 0)
System memory in use before: 89.2 MB.
System memory in use after: 89.0 MB.

Unloading 6 unused Assets to reduce memory usage. Loaded Objects now: 1826.
Total: 2.489600 ms (FindLiveObjects: 0.190100 ms CreateObjectMapping: 0.041300 ms MarkObjects: 1.811800 ms  DeleteObjects: 0.445300 ms)

========================================================================
Received Prepare
Registering precompiled user dll's ...
Registered in 0.001825 seconds.
Begin MonoManager ReloadAssembly
Native extension for WindowsStandalone target not found
Native extension for WebGL target not found
Refreshing native plugins compatible for Editor in 0.32 ms, found 0 plugins.
Preloading 0 native plugins for Editor in 0.00 ms.
Invoked RoslynAnalysisRunner static constructor.
RoslynAnalysisRunner will not be running.
RoslynAnalysisRunner has terminated.
Mono: successfully reloaded assembly
- Completed reload, in  1.008 seconds
Platform modules already initialized, skipping
Refreshing native plugins compatible for Editor in 0.29 ms, found 0 plugins.
Preloading 0 native plugins for Editor in 0.00 ms.
Unloading 1221 Unused Serialized files (Serialized files now loaded: 0)
System memory in use before: 89.2 MB.
System memory in use after: 89.0 MB.

Unloading 6 unused Assets to reduce memory usage. Loaded Objects now: 1829.
Total: 2.651800 ms (FindLiveObjects: 0.187000 ms CreateObjectMapping: 0.046500 ms MarkObjects: 1.955600 ms  DeleteObjects: 0.461300 ms)

========================================================================
Received Prepare
Registering precompiled user dll's ...
Registered in 0.001614 seconds.
Begin MonoManager ReloadAssembly
Native extension for WindowsStandalone target not found
Native extension for WebGL target not found
Refreshing native plugins compatible for Editor in 0.28 ms, found 0 plugins.
Preloading 0 native plugins for Editor in 0.00 ms.
Invoked RoslynAnalysisRunner static constructor.
RoslynAnalysisRunner will not be running.
RoslynAnalysisRunner has terminated.
Mono: successfully reloaded assembly
- Completed reload, in  0.882 seconds
Platform modules already initialized, skipping
Refreshing native plugins compatible for Editor in 0.29 ms, found 0 plugins.
Preloading 0 native plugins for Editor in 0.00 ms.
Unloading 1221 Unused Serialized files (Serialized files now loaded: 0)
System memory in use before: 89.3 MB.
System memory in use after: 89.0 MB.

Unloading 6 unused Assets to reduce memory usage. Loaded Objects now: 1832.
Total: 2.388900 ms (FindLiveObjects: 0.297500 ms CreateObjectMapping: 0.046700 ms MarkObjects: 1.640400 ms  DeleteObjects: 0.402900 ms)

========================================================================
Received Import Request.
  Time since last request: 3360.037987 seconds.
  path: ProjectSettings/TagManager.asset
  artifactKey: Guid(00000000000000003000000000000000) Importer(815301076,1909f56bfc062723c751e8b465ee728b)
Start importing ProjectSettings/TagManager.asset using Guid(00000000000000003000000000000000) Importer(815301076,1909f56bfc062723c751e8b465ee728b)  -> (artifact id: '9274ce4079a5137dd04f6e6c4d809583') in 0.056647 seconds
  Import took 0.061121 seconds .

========================================================================
Received Prepare
Registering precompiled user dll's ...
Registered in 0.001469 seconds.
Begin MonoManager ReloadAssembly
Native extension for WindowsStandalone target not found
Native extension for WebGL target not found
Refreshing native plugins compatible for Editor in 0.31 ms, found 0 plugins.
Preloading 0 native plugins for Editor in 0.00 ms.
Invoked RoslynAnalysisRunner static constructor.
RoslynAnalysisRunner will not be running.
RoslynAnalysisRunner has terminated.
Mono: successfully reloaded assembly
- Completed reload, in  1.309 seconds
Platform modules already initialized, skipping
Refreshing native plugins compatible for Editor in 0.55 ms, found 0 plugins.
Preloading 0 native plugins for Editor in 0.00 ms.
Unloading 1221 Unused Serialized files (Serialized files now loaded: 0)
System memory in use before: 89.4 MB.
System memory in use after: 89.1 MB.

Unloading 7 unused Assets to reduce memory usage. Loaded Objects now: 1835.
Total: 2.532100 ms (FindLiveObjects: 0.436000 ms CreateObjectMapping: 0.074500 ms MarkObjects: 1.609300 ms  DeleteObjects: 0.411000 ms)

========================================================================
Received Import Request.
  Time since last request: 7739.934063 seconds.
  path: Assets/Scripts/AlarmTrigger.cs
  artifactKey: Guid(28ba53d07e69a194ea285b24fc9d13d7) Importer(815301076,1909f56bfc062723c751e8b465ee728b)
Start importing Assets/Scripts/AlarmTrigger.cs using Guid(28ba53d07e69a194ea285b24fc9d13d7) Importer(815301076,1909f56bfc062723c751e8b465ee728b)  -> (artifact id: 'f8e9839b2793ba815e2d78b06335fe7d') in 0.012374 seconds
  Import took 0.018381 seconds .

========================================================================
Received Prepare
Registering precompiled user dll's ...
Registered in 0.000928 seconds.
Begin MonoManager ReloadAssembly
Native extension for WindowsStandalone target not found
Native extension for WebGL target not found
Refreshing native plugins compatible for Editor in 0.29 ms, found 0 plugins.
Preloading 0 native plugins for Editor in 0.00 ms.
Invoked RoslynAnalysisRunner static constructor.
RoslynAnalysisRunner will not be running.
RoslynAnalysisRunner has terminated.
Mono: successfully reloaded assembly
- Completed reload, in  1.081 seconds
Platform modules already initialized, skipping
Refreshing native plugins compatible for Editor in 0.30 ms, found 0 plugins.
Preloading 0 native plugins for Editor in 0.00 ms.
Unloading 1222 Unused Serialized files (Serialized files now loaded: 0)
System memory in use before: 89.4 MB.
System memory in use after: 89.1 MB.

Unloading 6 unused Assets to reduce memory usage. Loaded Objects now: 1839.
Total: 3.262900 ms (FindLiveObjects: 0.512900 ms CreateObjectMapping: 0.055400 ms MarkObjects: 1.569900 ms  DeleteObjects: 1.122800 ms)

========================================================================
Received Prepare
Registering precompiled user dll's ...
Registered in 0.001243 seconds.
Begin MonoManager ReloadAssembly
Native extension for WindowsStandalone target not found
Native extension for WebGL target not found
Refreshing native plugins compatible for Editor in 0.42 ms, found 0 plugins.
Preloading 0 native plugins for Editor in 0.00 ms.
Invoked RoslynAnalysisRunner static constructor.
RoslynAnalysisRunner will not be running.
RoslynAnalysisRunner has terminated.
Mono: successfully reloaded assembly
- Completed reload, in  1.071 seconds
Platform modules already initialized, skipping
Refreshing native plugins compatible for Editor in 0.30 ms, found 0 plugins.
Preloading 0 native plugins for Editor in 0.00 ms.
Unloading 1222 Unused Serialized files (Serialized files now loaded: 0)
System memory in use before: 89.4 MB.
System memory in use after: 89.1 MB.

Unloading 6 unused Assets to reduce memory usage. Loaded Objects now: 1842.
Total: 2.211000 ms (FindLiveObjects: 0.173700 ms CreateObjectMapping: 0.046800 ms MarkObjects: 1.600100 ms  DeleteObjects: 0.389000 ms)

========================================================================
Received Import Request.
  Time since last request: 249.084107 seconds.
  path: Assets/Scripts/AlarmTrigger.cs
  artifactKey: Guid(28ba53d07e69a194ea285b24fc9d13d7) Importer(815301076,1909f56bfc062723c751e8b465ee728b)
Start importing Assets/Scripts/AlarmTrigger.cs using Guid(28ba53d07e69a194ea285b24fc9d13d7) Importer(815301076,1909f56bfc062723c751e8b465ee728b)  -> (artifact id: '66ed51544dd82b2c0b4fecd46fd7ad01') in 0.006437 seconds
  Import took 0.009220 seconds .

========================================================================
Received Prepare
Registering precompiled user dll's ...
Registered in 0.001378 seconds.
Begin MonoManager ReloadAssembly
Native extension for WindowsStandalone target not found
Native extension for WebGL target not found
Refreshing native plugins compatible for Editor in 0.60 ms, found 0 plugins.
Preloading 0 native plugins for Editor in 0.00 ms.
Invoked RoslynAnalysisRunner static constructor.
RoslynAnalysisRunner will not be running.
RoslynAnalysisRunner has terminated.
Mono: successfully reloaded assembly
- Completed reload, in  1.272 seconds
Platform modules already initialized, skipping
Refreshing native plugins compatible for Editor in 0.29 ms, found 0 plugins.
Preloading 0 native plugins for Editor in 0.00 ms.
Unloading 1222 Unused Serialized files (Serialized files now loaded: 0)
System memory in use before: 89.4 MB.
System memory in use after: 89.1 MB.

Unloading 6 unused Assets to reduce memory usage. Loaded Objects now: 1845.
Total: 2.635400 ms (FindLiveObjects: 0.175700 ms CreateObjectMapping: 0.041200 ms MarkObjects: 1.911700 ms  DeleteObjects: 0.505800 ms)

========================================================================
Received Import Request.
  Time since last request: 3453.487100 seconds.
  path: Assets/Scripts/AlarmTrigger.cs
  artifactKey: Guid(28ba53d07e69a194ea285b24fc9d13d7) Importer(815301076,1909f56bfc062723c751e8b465ee728b)
Start importing Assets/Scripts/AlarmTrigger.cs using Guid(28ba53d07e69a194ea285b24fc9d13d7) Importer(815301076,1909f56bfc062723c751e8b465ee728b)  -> (artifact id: 'bfbbafeb91c893b6601b3e3d383a019f') in 0.005010 seconds
  Import took 0.009779 seconds .

========================================================================
Received Import Request.
  Time since last request: 98.174220 seconds.
  path: Assets/New Terrain.asset
  artifactKey: Guid(76f91793c960c94418cfe4f2391b48fb) Importer(815301076,1909f56bfc062723c751e8b465ee728b)
Start importing Assets/New Terrain.asset using Guid(76f91793c960c94418cfe4f2391b48fb) Importer(815301076,1909f56bfc062723c751e8b465ee728b)  -> (artifact id: '9c2c889fe22599a100118749b15f5412') in 0.319673 seconds
  Import took 0.354614 seconds .

========================================================================
Received Import Request.
  Time since last request: 11.583452 seconds.
  path: Assets/fisrt.unity
  artifactKey: Guid(12fb75bf5409581439b934bb69f7f899) Importer(815301076,1909f56bfc062723c751e8b465ee728b)
Start importing Assets/fisrt.unity using Guid(12fb75bf5409581439b934bb69f7f899) Importer(815301076,1909f56bfc062723c751e8b465ee728b)  -> (artifact id: 'fd9f5c2850ce18a984fa8615a611b291') in 0.004442 seconds
  Import took 0.009761 seconds .

========================================================================
Received Import Request.
  Time since last request: 0.044592 seconds.
  path: Assets/fisrt.unity
  artifactKey: Guid(12fb75bf5409581439b934bb69f7f899) Importer(815301076,1909f56bfc062723c751e8b465ee728b)
Start importing Assets/fisrt.unity using Guid(12fb75bf5409581439b934bb69f7f899) Importer(815301076,1909f56bfc062723c751e8b465ee728b)  -> (artifact id: 'fd9f5c2850ce18a984fa8615a611b291') in 0.003530 seconds
  Import took 0.007056 seconds .

========================================================================
Received Import Request.
  Time since last request: 6.012212 seconds.
  path: Assets/fisrt.unity
  artifactKey: Guid(12fb75bf5409581439b934bb69f7f899) Importer(815301076,1909f56bfc062723c751e8b465ee728b)
Start importing Assets/fisrt.unity using Guid(12fb75bf5409581439b934bb69f7f899) Importer(815301076,1909f56bfc062723c751e8b465ee728b)  -> (artifact id: '7bed0a02b7f9d38039727a0b905a5742') in 0.003434 seconds
  Import took 0.007500 seconds .

========================================================================
Received Import Request.
  Time since last request: 19.182457 seconds.
  path: Assets/Audio
  artifactKey: Guid(c3e74d66477d593488a0546642741a25) Importer(815301076,1909f56bfc062723c751e8b465ee728b)
Start importing Assets/Audio using Guid(c3e74d66477d593488a0546642741a25) Importer(815301076,1909f56bfc062723c751e8b465ee728b)  -> (artifact id: '865cb303b47ad99fbfb2d021654d3b1b') in 0.002564 seconds
  Import took 0.005400 seconds .

========================================================================
Received Prepare
Registering precompiled user dll's ...
Registered in 0.001794 seconds.
Begin MonoManager ReloadAssembly
Native extension for WindowsStandalone target not found
Native extension for WebGL target not found
Refreshing native plugins compatible for Editor in 0.29 ms, found 0 plugins.
Preloading 0 native plugins for Editor in 0.00 ms.
Invoked RoslynAnalysisRunner static constructor.
RoslynAnalysisRunner will not be running.
RoslynAnalysisRunner has terminated.
Mono: successfully reloaded assembly
- Completed reload, in  0.978 seconds
Platform modules already initialized, skipping
Refreshing native plugins compatible for Editor in 0.31 ms, found 0 plugins.
Preloading 0 native plugins for Editor in 0.00 ms.
Unloading 1222 Unused Serialized files (Serialized files now loaded: 0)
System memory in use before: 89.5 MB.
System memory in use after: 89.2 MB.

Unloading 6 unused Assets to reduce memory usage. Loaded Objects now: 1849.
Total: 2.375400 ms (FindLiveObjects: 0.218500 ms CreateObjectMapping: 0.046300 ms MarkObjects: 1.716100 ms  DeleteObjects: 0.393800 ms)

========================================================================
Received Import Request.
  Time since last request: 303.244782 seconds.
  path: Assets/Scripts/AlarmLoudController.cs
  artifactKey: Guid(9f68ca4c0f551344eaa2db7121ee498e) Importer(815301076,1909f56bfc062723c751e8b465ee728b)
Start importing Assets/Scripts/AlarmLoudController.cs using Guid(9f68ca4c0f551344eaa2db7121ee498e) Importer(815301076,1909f56bfc062723c751e8b465ee728b)  -> (artifact id: '880b74166ba0f044687074b941d0f94e') in 0.007349 seconds
  Import took 0.011679 seconds .

========================================================================
Received Prepare
Registering precompiled user dll's ...
Registered in 0.000996 seconds.
Begin MonoManager ReloadAssembly
Native extension for WindowsStandalone target not found
Native extension for WebGL target not found
Refreshing native plugins compatible for Editor in 0.58 ms, found 0 plugins.
Preloading 0 native plugins for Editor in 0.00 ms.
Invoked RoslynAnalysisRunner static constructor.
RoslynAnalysisRunner will not be running.
RoslynAnalysisRunner has terminated.
Mono: successfully reloaded assembly
- Completed reload, in  1.285 seconds
Platform modules already initialized, skipping
Refreshing native plugins compatible for Editor in 0.66 ms, found 0 plugins.
Preloading 0 native plugins for Editor in 0.00 ms.
Unloading 1223 Unused Serialized files (Serialized files now loaded: 0)
System memory in use before: 89.5 MB.
System memory in use after: 89.3 MB.

Unloading 6 unused Assets to reduce memory usage. Loaded Objects now: 1853.
Total: 8.411000 ms (FindLiveObjects: 0.372100 ms CreateObjectMapping: 0.079400 ms MarkObjects: 7.512800 ms  DeleteObjects: 0.445100 ms)

========================================================================
Received Prepare
Registering precompiled user dll's ...
Registered in 0.001215 seconds.
Begin MonoManager ReloadAssembly
Native extension for WindowsStandalone target not found
Native extension for WebGL target not found
Refreshing native plugins compatible for Editor in 0.42 ms, found 0 plugins.
Preloading 0 native plugins for Editor in 0.00 ms.
Invoked RoslynAnalysisRunner static constructor.
RoslynAnalysisRunner will not be running.
RoslynAnalysisRunner has terminated.
Mono: successfully reloaded assembly
- Completed reload, in  1.067 seconds
Platform modules already initialized, skipping
Refreshing native plugins compatible for Editor in 0.30 ms, found 0 plugins.
Preloading 0 native plugins for Editor in 0.00 ms.
Unloading 1223 Unused Serialized files (Serialized files now loaded: 0)
System memory in use before: 89.5 MB.
System memory in use after: 89.3 MB.

Unloading 6 unused Assets to reduce memory usage. Loaded Objects now: 1856.
Total: 2.712700 ms (FindLiveObjects: 0.332500 ms CreateObjectMapping: 0.086100 ms MarkObjects: 1.702400 ms  DeleteObjects: 0.589900 ms)

========================================================================
Received Import Request.
  Time since last request: 911.664872 seconds.
  path: Assets/Scripts/AlarmLoudController.cs
  artifactKey: Guid(9f68ca4c0f551344eaa2db7121ee498e) Importer(815301076,1909f56bfc062723c751e8b465ee728b)
Start importing Assets/Scripts/AlarmLoudController.cs using Guid(9f68ca4c0f551344eaa2db7121ee498e) Importer(815301076,1909f56bfc062723c751e8b465ee728b)  -> (artifact id: 'c48c2ce107456a147f4a39569044ab58') in 0.005252 seconds
  Import took 0.008628 seconds .

========================================================================
Received Prepare
Registering precompiled user dll's ...
Registered in 0.001068 seconds.
Begin MonoManager ReloadAssembly
Native extension for WindowsStandalone target not found
Native extension for WebGL target not found
Refreshing native plugins compatible for Editor in 0.48 ms, found 0 plugins.
Preloading 0 native plugins for Editor in 0.00 ms.
Invoked RoslynAnalysisRunner static constructor.
RoslynAnalysisRunner will not be running.
RoslynAnalysisRunner has terminated.
Mono: successfully reloaded assembly
- Completed reload, in  1.087 seconds
Platform modules already initialized, skipping
Refreshing native plugins compatible for Editor in 0.38 ms, found 0 plugins.
Preloading 0 native plugins for Editor in 0.00 ms.
Unloading 1223 Unused Serialized files (Serialized files now loaded: 0)
System memory in use before: 89.5 MB.
System memory in use after: 89.3 MB.

Unloading 6 unused Assets to reduce memory usage. Loaded Objects now: 1859.
Total: 3.436800 ms (FindLiveObjects: 0.294200 ms CreateObjectMapping: 0.061700 ms MarkObjects: 2.495900 ms  DeleteObjects: 0.582800 ms)

========================================================================
Received Prepare
Registering precompiled user dll's ...
Registered in 0.001151 seconds.
Begin MonoManager ReloadAssembly
Native extension for WindowsStandalone target not found
Native extension for WebGL target not found
Refreshing native plugins compatible for Editor in 0.28 ms, found 0 plugins.
Preloading 0 native plugins for Editor in 0.00 ms.
Invoked RoslynAnalysisRunner static constructor.
RoslynAnalysisRunner will not be running.
RoslynAnalysisRunner has terminated.
Mono: successfully reloaded assembly
- Completed reload, in  1.078 seconds
Platform modules already initialized, skipping
Refreshing native plugins compatible for Editor in 0.45 ms, found 0 plugins.
Preloading 0 native plugins for Editor in 0.00 ms.
Unloading 1223 Unused Serialized files (Serialized files now loaded: 0)
System memory in use before: 89.5 MB.
System memory in use after: 89.3 MB.

Unloading 6 unused Assets to reduce memory usage. Loaded Objects now: 1862.
Total: 2.507700 ms (FindLiveObjects: 0.223800 ms CreateObjectMapping: 0.084400 ms MarkObjects: 1.721700 ms  DeleteObjects: 0.476000 ms)

========================================================================
Received Prepare
Registering precompiled user dll's ...
Registered in 0.001205 seconds.
Begin MonoManager ReloadAssembly
Native extension for WindowsStandalone target not found
Native extension for WebGL target not found
Refreshing native plugins compatible for Editor in 0.58 ms, found 0 plugins.
Preloading 0 native plugins for Editor in 0.00 ms.
Invoked RoslynAnalysisRunner static constructor.
RoslynAnalysisRunner will not be running.
RoslynAnalysisRunner has terminated.
Mono: successfully reloaded assembly
- Completed reload, in  0.967 seconds
Platform modules already initialized, skipping
Refreshing native plugins compatible for Editor in 0.28 ms, found 0 plugins.
Preloading 0 native plugins for Editor in 0.00 ms.
Unloading 1223 Unused Serialized files (Serialized files now loaded: 0)
System memory in use before: 89.5 MB.
System memory in use after: 89.3 MB.

Unloading 6 unused Assets to reduce memory usage. Loaded Objects now: 1865.
Total: 2.436700 ms (FindLiveObjects: 0.199000 ms CreateObjectMapping: 0.055500 ms MarkObjects: 1.758600 ms  DeleteObjects: 0.422300 ms)

========================================================================
Received Import Request.
  Time since last request: 2064.817261 seconds.
  path: Assets/Audio/zvuk-muzyka-iz-filma-uzhasov.mp3
  artifactKey: Guid(414eba099cbe98d48992b441c546c37a) Importer(815301076,1909f56bfc062723c751e8b465ee728b)
Start importing Assets/Audio/zvuk-muzyka-iz-filma-uzhasov.mp3 using Guid(414eba099cbe98d48992b441c546c37a) Importer(815301076,1909f56bfc062723c751e8b465ee728b)  -> (artifact id: '61ba3fae5d687eb94a34339e572c81eb') in 0.152316 seconds
  Import took 0.157460 seconds .

========================================================================
Received Prepare
Registering precompiled user dll's ...
Registered in 0.000957 seconds.
Begin MonoManager ReloadAssembly
Native extension for WindowsStandalone target not found
Native extension for WebGL target not found
Refreshing native plugins compatible for Editor in 0.40 ms, found 0 plugins.
Preloading 0 native plugins for Editor in 0.00 ms.
Invoked RoslynAnalysisRunner static constructor.
RoslynAnalysisRunner will not be running.
RoslynAnalysisRunner has terminated.
Mono: successfully reloaded assembly
- Completed reload, in  1.043 seconds
Platform modules already initialized, skipping
Refreshing native plugins compatible for Editor in 0.30 ms, found 0 plugins.
Preloading 0 native plugins for Editor in 0.00 ms.
Unloading 1223 Unused Serialized files (Serialized files now loaded: 0)
System memory in use before: 89.6 MB.
System memory in use after: 89.3 MB.

Unloading 6 unused Assets to reduce memory usage. Loaded Objects now: 1871.
Total: 2.809200 ms (FindLiveObjects: 0.183400 ms CreateObjectMapping: 0.042300 ms MarkObjects: 1.772900 ms  DeleteObjects: 0.809300 ms)

========================================================================
Received Prepare
Registering precompiled user dll's ...
Registered in 0.000960 seconds.
Begin MonoManager ReloadAssembly
Native extension for WindowsStandalone target not found
Native extension for WebGL target not found
Refreshing native plugins compatible for Editor in 0.64 ms, found 0 plugins.
Preloading 0 native plugins for Editor in 0.00 ms.
Invoked RoslynAnalysisRunner static constructor.
RoslynAnalysisRunner will not be running.
RoslynAnalysisRunner has terminated.
Mono: successfully reloaded assembly
- Completed reload, in  1.038 seconds
Platform modules already initialized, skipping
Refreshing native plugins compatible for Editor in 0.32 ms, found 0 plugins.
Preloading 0 native plugins for Editor in 0.00 ms.
Unloading 1223 Unused Serialized files (Serialized files now loaded: 0)
System memory in use before: 89.6 MB.
System memory in use after: 89.3 MB.

Unloading 6 unused Assets to reduce memory usage. Loaded Objects now: 1874.
Total: 2.527700 ms (FindLiveObjects: 0.188500 ms CreateObjectMapping: 0.057400 ms MarkObjects: 1.820200 ms  DeleteObjects: 0.460500 ms)

========================================================================
Received Prepare
Registering precompiled user dll's ...
Registered in 0.000935 seconds.
Begin MonoManager ReloadAssembly
Native extension for WindowsStandalone target not found
Native extension for WebGL target not found
Refreshing native plugins compatible for Editor in 0.36 ms, found 0 plugins.
Preloading 0 native plugins for Editor in 0.00 ms.
Invoked RoslynAnalysisRunner static constructor.
RoslynAnalysisRunner will not be running.
RoslynAnalysisRunner has terminated.
Mono: successfully reloaded assembly
- Completed reload, in  1.101 seconds
Platform modules already initialized, skipping
Refreshing native plugins compatible for Editor in 0.29 ms, found 0 plugins.
Preloading 0 native plugins for Editor in 0.00 ms.
Unloading 1223 Unused Serialized files (Serialized files now loaded: 0)
System memory in use before: 89.6 MB.
System memory in use after: 89.3 MB.

Unloading 6 unused Assets to reduce memory usage. Loaded Objects now: 1877.
Total: 2.575800 ms (FindLiveObjects: 0.226600 ms CreateObjectMapping: 0.039100 ms MarkObjects: 1.917000 ms  DeleteObjects: 0.392200 ms)

========================================================================
Received Prepare
Registering precompiled user dll's ...
Registered in 0.001063 seconds.
Begin MonoManager ReloadAssembly
Native extension for WindowsStandalone target not found
Native extension for WebGL target not found
Refreshing native plugins compatible for Editor in 0.33 ms, found 0 plugins.
Preloading 0 native plugins for Editor in 0.00 ms.
Invoked RoslynAnalysisRunner static constructor.
RoslynAnalysisRunner will not be running.
RoslynAnalysisRunner has terminated.
Mono: successfully reloaded assembly
- Completed reload, in  0.949 seconds
Platform modules already initialized, skipping
Refreshing native plugins compatible for Editor in 0.32 ms, found 0 plugins.
Preloading 0 native plugins for Editor in 0.00 ms.
Unloading 1223 Unused Serialized files (Serialized files now loaded: 0)
System memory in use before: 89.6 MB.
System memory in use after: 89.3 MB.

Unloading 6 unused Assets to reduce memory usage. Loaded Objects now: 1880.
Total: 3.808400 ms (FindLiveObjects: 0.242400 ms CreateObjectMapping: 0.080700 ms MarkObjects: 2.770700 ms  DeleteObjects: 0.711900 ms)

========================================================================
Received Import Request.
  Time since last request: 80701.180921 seconds.
  path: Assets/Scripts/MovementByPoints.cs
  artifactKey: Guid(1e41e574ff1702d41ab8f07b930482d3) Importer(815301076,1909f56bfc062723c751e8b465ee728b)
Start importing Assets/Scripts/MovementByPoints.cs using Guid(1e41e574ff1702d41ab8f07b930482d3) Importer(815301076,1909f56bfc062723c751e8b465ee728b)  -> (artifact id: 'a4c91909d7cc7787c99966813b23223e') in 0.007560 seconds
  Import took 0.011997 seconds .

========================================================================
Received Import Request.
  Time since last request: 0.003485 seconds.
  path: Assets/Scripts/MovementByPoints.cs
  artifactKey: Guid(1e41e574ff1702d41ab8f07b930482d3) Importer(815301076,1909f56bfc062723c751e8b465ee728b)
Start importing Assets/Scripts/MovementByPoints.cs using Guid(1e41e574ff1702d41ab8f07b930482d3) Importer(815301076,1909f56bfc062723c751e8b465ee728b)  -> (artifact id: 'a4c91909d7cc7787c99966813b23223e') in 0.003073 seconds
  Import took 0.005798 seconds .

========================================================================
Received Prepare
Registering precompiled user dll's ...
Registered in 0.002251 seconds.
Begin MonoManager ReloadAssembly
Native extension for WindowsStandalone target not found
Native extension for WebGL target not found
Refreshing native plugins compatible for Editor in 0.36 ms, found 0 plugins.
Preloading 0 native plugins for Editor in 0.00 ms.
Invoked RoslynAnalysisRunner static constructor.
RoslynAnalysisRunner will not be running.
RoslynAnalysisRunner has terminated.
Mono: successfully reloaded assembly
- Completed reload, in  1.107 seconds
Platform modules already initialized, skipping
Refreshing native plugins compatible for Editor in 0.28 ms, found 0 plugins.
Preloading 0 native plugins for Editor in 0.00 ms.
Unloading 1223 Unused Serialized files (Serialized files now loaded: 0)
System memory in use before: 89.6 MB.
System memory in use after: 89.4 MB.

Unloading 6 unused Assets to reduce memory usage. Loaded Objects now: 1883.
Total: 2.661000 ms (FindLiveObjects: 0.263200 ms CreateObjectMapping: 0.052400 ms MarkObjects: 1.812900 ms  DeleteObjects: 0.516600 ms)

========================================================================
Received Import Request.
  Time since last request: 241.010733 seconds.
  path: Assets/Scripts/MovementByPoints.cs
  artifactKey: Guid(1e41e574ff1702d41ab8f07b930482d3) Importer(815301076,1909f56bfc062723c751e8b465ee728b)
Start importing Assets/Scripts/MovementByPoints.cs using Guid(1e41e574ff1702d41ab8f07b930482d3) Importer(815301076,1909f56bfc062723c751e8b465ee728b)  -> (artifact id: '2956c16aa0167a42e41e2c5fd0afd64a') in 0.005203 seconds
  Import took 0.008205 seconds .

========================================================================
Received Prepare
Registering precompiled user dll's ...
Registered in 0.000939 seconds.
Begin MonoManager ReloadAssembly
Native extension for WindowsStandalone target not found
Native extension for WebGL target not found
Refreshing native plugins compatible for Editor in 0.36 ms, found 0 plugins.
Preloading 0 native plugins for Editor in 0.00 ms.
Invoked RoslynAnalysisRunner static constructor.
RoslynAnalysisRunner will not be running.
RoslynAnalysisRunner has terminated.
Mono: successfully reloaded assembly
- Completed reload, in  0.991 seconds
Platform modules already initialized, skipping
Refreshing native plugins compatible for Editor in 0.44 ms, found 0 plugins.
Preloading 0 native plugins for Editor in 0.00 ms.
Unloading 1223 Unused Serialized files (Serialized files now loaded: 0)
System memory in use before: 89.6 MB.
System memory in use after: 89.4 MB.

Unloading 6 unused Assets to reduce memory usage. Loaded Objects now: 1886.
Total: 3.538700 ms (FindLiveObjects: 0.277500 ms CreateObjectMapping: 0.058100 ms MarkObjects: 2.528800 ms  DeleteObjects: 0.672700 ms)

========================================================================
Received Import Request.
  Time since last request: 1013.838412 seconds.
  path: Assets/Scripts/MovementByPoints.cs
  artifactKey: Guid(1e41e574ff1702d41ab8f07b930482d3) Importer(815301076,1909f56bfc062723c751e8b465ee728b)
Start importing Assets/Scripts/MovementByPoints.cs using Guid(1e41e574ff1702d41ab8f07b930482d3) Importer(815301076,1909f56bfc062723c751e8b465ee728b)  -> (artifact id: '2c0feaadb008e3e3e0fc9f827863ba11') in 0.006254 seconds
  Import took 0.010469 seconds .

========================================================================
Received Prepare
Registering precompiled user dll's ...
Registered in 0.001507 seconds.
Begin MonoManager ReloadAssembly
Native extension for WindowsStandalone target not found
Native extension for WebGL target not found
Refreshing native plugins compatible for Editor in 0.34 ms, found 0 plugins.
Preloading 0 native plugins for Editor in 0.00 ms.
Invoked RoslynAnalysisRunner static constructor.
RoslynAnalysisRunner will not be running.
RoslynAnalysisRunner has terminated.
Mono: successfully reloaded assembly
- Completed reload, in  1.150 seconds
Platform modules already initialized, skipping
Refreshing native plugins compatible for Editor in 0.28 ms, found 0 plugins.
Preloading 0 native plugins for Editor in 0.00 ms.
Unloading 1223 Unused Serialized files (Serialized files now loaded: 0)
System memory in use before: 89.6 MB.
System memory in use after: 89.4 MB.

Unloading 6 unused Assets to reduce memory usage. Loaded Objects now: 1889.
Total: 2.294800 ms (FindLiveObjects: 0.201900 ms CreateObjectMapping: 0.132200 ms MarkObjects: 1.576100 ms  DeleteObjects: 0.383700 ms)

========================================================================
Received Prepare
Registering precompiled user dll's ...
Registered in 0.001706 seconds.
Begin MonoManager ReloadAssembly
Native extension for WindowsStandalone target not found
Native extension for WebGL target not found
Refreshing native plugins compatible for Editor in 0.34 ms, found 0 plugins.
Preloading 0 native plugins for Editor in 0.00 ms.
Invoked RoslynAnalysisRunner static constructor.
RoslynAnalysisRunner will not be running.
RoslynAnalysisRunner has terminated.
Mono: successfully reloaded assembly
- Completed reload, in  1.075 seconds
Platform modules already initialized, skipping
Refreshing native plugins compatible for Editor in 0.48 ms, found 0 plugins.
Preloading 0 native plugins for Editor in 0.00 ms.
Unloading 1223 Unused Serialized files (Serialized files now loaded: 0)
System memory in use before: 89.6 MB.
System memory in use after: 89.4 MB.

Unloading 6 unused Assets to reduce memory usage. Loaded Objects now: 1892.
Total: 2.890200 ms (FindLiveObjects: 0.311300 ms CreateObjectMapping: 0.082800 ms MarkObjects: 2.061600 ms  DeleteObjects: 0.432900 ms)

========================================================================
Received Import Request.
  Time since last request: 700.169968 seconds.
  path: Assets/MyModels/06 DP HomeTask_crazy.fbx
  artifactKey: Guid(494af5ff831eb764d9903ba299c3fefb) Importer(815301076,1909f56bfc062723c751e8b465ee728b)
Start importing Assets/MyModels/06 DP HomeTask_crazy.fbx using Guid(494af5ff831eb764d9903ba299c3fefb) Importer(815301076,1909f56bfc062723c751e8b465ee728b)  -> (artifact id: '0a483ed503ca4c8bbffb0250bbbed7bc') in 6.794135 seconds
  Import took 6.815407 seconds .

========================================================================
Received Import Request.
  Time since last request: 583.007598 seconds.
  path: Assets/Scripts/GhostTrigger.cs
  artifactKey: Guid(f05295f49f69a2e46aceace08067be30) Importer(815301076,1909f56bfc062723c751e8b465ee728b)
Start importing Assets/Scripts/GhostTrigger.cs using Guid(f05295f49f69a2e46aceace08067be30) Importer(815301076,1909f56bfc062723c751e8b465ee728b)  -> (artifact id: '4b410affa070caf02af37ffb4ff6c2fb') in 0.004701 seconds
  Import took 0.010306 seconds .

========================================================================
Received Prepare
Registering precompiled user dll's ...
Registered in 0.001096 seconds.
Begin MonoManager ReloadAssembly
Native extension for WindowsStandalone target not found
Native extension for WebGL target not found
Refreshing native plugins compatible for Editor in 0.62 ms, found 0 plugins.
Preloading 0 native plugins for Editor in 0.00 ms.
Invoked RoslynAnalysisRunner static constructor.
RoslynAnalysisRunner will not be running.
RoslynAnalysisRunner has terminated.
Mono: successfully reloaded assembly
- Completed reload, in  1.224 seconds
Platform modules already initialized, skipping
Refreshing native plugins compatible for Editor in 0.34 ms, found 0 plugins.
Preloading 0 native plugins for Editor in 0.00 ms.
Unloading 1224 Unused Serialized files (Serialized files now loaded: 0)
System memory in use before: 93.6 MB.
System memory in use after: 93.4 MB.

Unloading 6 unused Assets to reduce memory usage. Loaded Objects now: 1897.
Total: 2.269700 ms (FindLiveObjects: 0.181300 ms CreateObjectMapping: 0.045500 ms MarkObjects: 1.679100 ms  DeleteObjects: 0.362200 ms)

========================================================================
Received Prepare
Registering precompiled user dll's ...
Registered in 0.001694 seconds.
Begin MonoManager ReloadAssembly
Native extension for WindowsStandalone target not found
Native extension for WebGL target not found
Refreshing native plugins compatible for Editor in 0.46 ms, found 0 plugins.
Preloading 0 native plugins for Editor in 0.00 ms.
Invoked RoslynAnalysisRunner static constructor.
RoslynAnalysisRunner will not be running.
RoslynAnalysisRunner has terminated.
Mono: successfully reloaded assembly
- Completed reload, in  0.908 seconds
Platform modules already initialized, skipping
Refreshing native plugins compatible for Editor in 0.28 ms, found 0 plugins.
Preloading 0 native plugins for Editor in 0.00 ms.
Unloading 1224 Unused Serialized files (Serialized files now loaded: 0)
System memory in use before: 93.7 MB.
System memory in use after: 93.4 MB.

Unloading 6 unused Assets to reduce memory usage. Loaded Objects now: 1900.
Total: 2.559600 ms (FindLiveObjects: 0.194900 ms CreateObjectMapping: 0.056700 ms MarkObjects: 1.835700 ms  DeleteObjects: 0.471200 ms)

========================================================================
Received Prepare
Registering precompiled user dll's ...
Registered in 0.001117 seconds.
Begin MonoManager ReloadAssembly
Native extension for WindowsStandalone target not found
Native extension for WebGL target not found
Refreshing native plugins compatible for Editor in 0.44 ms, found 0 plugins.
Preloading 0 native plugins for Editor in 0.00 ms.
Invoked RoslynAnalysisRunner static constructor.
RoslynAnalysisRunner will not be running.
RoslynAnalysisRunner has terminated.
Mono: successfully reloaded assembly
- Completed reload, in  1.031 seconds
Platform modules already initialized, skipping
Refreshing native plugins compatible for Editor in 0.29 ms, found 0 plugins.
Preloading 0 native plugins for Editor in 0.00 ms.
Unloading 1224 Unused Serialized files (Serialized files now loaded: 0)
System memory in use before: 93.7 MB.
System memory in use after: 93.4 MB.

Unloading 6 unused Assets to reduce memory usage. Loaded Objects now: 1903.
Total: 2.902900 ms (FindLiveObjects: 0.335700 ms CreateObjectMapping: 0.045900 ms MarkObjects: 2.084100 ms  DeleteObjects: 0.436100 ms)

========================================================================
Received Prepare
Registering precompiled user dll's ...
Registered in 0.001679 seconds.
Begin MonoManager ReloadAssembly
Native extension for WindowsStandalone target not found
Native extension for WebGL target not found
Refreshing native plugins compatible for Editor in 0.48 ms, found 0 plugins.
Preloading 0 native plugins for Editor in 0.00 ms.
Invoked RoslynAnalysisRunner static constructor.
RoslynAnalysisRunner will not be running.
RoslynAnalysisRunner has terminated.
Mono: successfully reloaded assembly
- Completed reload, in  1.071 seconds
Platform modules already initialized, skipping
Refreshing native plugins compatible for Editor in 0.31 ms, found 0 plugins.
Preloading 0 native plugins for Editor in 0.00 ms.
Unloading 1224 Unused Serialized files (Serialized files now loaded: 0)
System memory in use before: 93.7 MB.
System memory in use after: 93.4 MB.

Unloading 6 unused Assets to reduce memory usage. Loaded Objects now: 1906.
Total: 2.617100 ms (FindLiveObjects: 0.261400 ms CreateObjectMapping: 0.070000 ms MarkObjects: 1.881500 ms  DeleteObjects: 0.403200 ms)

========================================================================
Received Prepare
Registering precompiled user dll's ...
Registered in 0.001541 seconds.
Begin MonoManager ReloadAssembly
Native extension for WindowsStandalone target not found
Native extension for WebGL target not found
Refreshing native plugins compatible for Editor in 0.33 ms, found 0 plugins.
Preloading 0 native plugins for Editor in 0.00 ms.
Invoked RoslynAnalysisRunner static constructor.
RoslynAnalysisRunner will not be running.
RoslynAnalysisRunner has terminated.
Mono: successfully reloaded assembly
- Completed reload, in  1.017 seconds
Platform modules already initialized, skipping
Refreshing native plugins compatible for Editor in 0.29 ms, found 0 plugins.
Preloading 0 native plugins for Editor in 0.00 ms.
Unloading 1224 Unused Serialized files (Serialized files now loaded: 0)
System memory in use before: 93.7 MB.
System memory in use after: 93.5 MB.

Unloading 6 unused Assets to reduce memory usage. Loaded Objects now: 1909.
Total: 2.801700 ms (FindLiveObjects: 0.444500 ms CreateObjectMapping: 0.105500 ms MarkObjects: 1.685400 ms  DeleteObjects: 0.564500 ms)

========================================================================
Received Prepare
Registering precompiled user dll's ...
Registered in 0.001025 seconds.
Begin MonoManager ReloadAssembly
Native extension for WindowsStandalone target not found
Native extension for WebGL target not found
Refreshing native plugins compatible for Editor in 0.33 ms, found 0 plugins.
Preloading 0 native plugins for Editor in 0.00 ms.
Invoked RoslynAnalysisRunner static constructor.
RoslynAnalysisRunner will not be running.
RoslynAnalysisRunner has terminated.
Mono: successfully reloaded assembly
- Completed reload, in  1.094 seconds
Platform modules already initialized, skipping
Refreshing native plugins compatible for Editor in 0.28 ms, found 0 plugins.
Preloading 0 native plugins for Editor in 0.00 ms.
Unloading 1224 Unused Serialized files (Serialized files now loaded: 0)
System memory in use before: 93.7 MB.
System memory in use after: 93.5 MB.

Unloading 6 unused Assets to reduce memory usage. Loaded Objects now: 1912.
Total: 4.016100 ms (FindLiveObjects: 0.181000 ms CreateObjectMapping: 0.047300 ms MarkObjects: 2.711000 ms  DeleteObjects: 1.074500 ms)

========================================================================
Received Prepare
Registering precompiled user dll's ...
Registered in 0.000974 seconds.
Begin MonoManager ReloadAssembly
Native extension for WindowsStandalone target not found
Native extension for WebGL target not found
Refreshing native plugins compatible for Editor in 0.46 ms, found 0 plugins.
Preloading 0 native plugins for Editor in 0.00 ms.
Invoked RoslynAnalysisRunner static constructor.
RoslynAnalysisRunner will not be running.
RoslynAnalysisRunner has terminated.
Mono: successfully reloaded assembly
- Completed reload, in  0.848 seconds
Platform modules already initialized, skipping
Refreshing native plugins compatible for Editor in 0.28 ms, found 0 plugins.
Preloading 0 native plugins for Editor in 0.00 ms.
Unloading 1224 Unused Serialized files (Serialized files now loaded: 0)
System memory in use before: 93.7 MB.
System memory in use after: 93.5 MB.

Unloading 6 unused Assets to reduce memory usage. Loaded Objects now: 1915.
Total: 3.193300 ms (FindLiveObjects: 0.441200 ms CreateObjectMapping: 0.062600 ms MarkObjects: 1.972200 ms  DeleteObjects: 0.716400 ms)

AssetImportWorkerClient::OnTransportError - code=2 error=End of file
